<?xml version="1.0" encoding="UTF-8"?>
<!-- Generated by org.testng.reporters.JUnitReportReporter -->
<testsuite skipped="0" hostname="DESKTOP-NCQP8K2" name="BustleGroup.BustleFresh.LoginTest" tests="3" failures="0" timestamp="2020-08-11T13:43:52 IST" time="27.343" errors="0">
  <testcase name="LoginTest2" time="9.269" classname="BustleGroup.BustleFresh.LoginTest"/>
  <system-out/>
  <testcase name="LoginTest3" time="9.129" classname="BustleGroup.BustleFresh.LoginTest"/>
  <system-out/>
  <testcase name="LoginTest1" time="8.945" classname="BustleGroup.BustleFresh.LoginTest"/>
  <system-out/>
</testsuite> <!-- BustleGroup.BustleFresh.LoginTest -->
