<?xml version="1.0" encoding="UTF-8"?>
<!-- Generated by org.testng.reporters.JUnitReportReporter -->
<testsuite skipped="0" hostname="DESKTOP-NCQP8K2" name="BustleGroup.BustleFresh.LoginTest2" tests="1" failures="0" timestamp="2020-08-11T12:52:55 IST" time="2.328" errors="0">
  <testcase name="LoginTest2" time="2.328" classname="BustleGroup.BustleFresh.LoginTest2"/>
  <system-out/>
</testsuite> <!-- BustleGroup.BustleFresh.LoginTest2 -->
