<?xml version="1.0" encoding="UTF-8"?>
<!-- Generated by org.testng.reporters.JUnitReportReporter -->
<testsuite skipped="0" hostname="DESKTOP-NCQP8K2" name="BustleGroup.Test.LoginTest" tests="4" failures="0" timestamp="2020-08-13T18:56:09 IST" time="6.350" errors="0">
  <testcase name="validLoginTest" time="1.155" classname="BustleGroup.Test.LoginTest"/>
  <system-out/>
  <testcase name="invalidLoginTest3" time="0.277" classname="BustleGroup.Test.LoginTest"/>
  <system-out/>
  <testcase name="invalidLoginTest1" time="3.958" classname="BustleGroup.Test.LoginTest"/>
  <system-out/>
  <testcase name="invalidLoginTest2" time="0.960" classname="BustleGroup.Test.LoginTest"/>
  <system-out/>
</testsuite> <!-- BustleGroup.Test.LoginTest -->
