<?xml version="1.0" encoding="UTF-8"?>
<!-- Generated by org.testng.reporters.JUnitReportReporter -->
<testsuite skipped="0" hostname="DESKTOP-NCQP8K2" name="BustleGroup.BustleFresh.ProjectsTest" tests="1" failures="0" timestamp="2020-08-11T16:31:50 IST" time="8.263" errors="0">
  <testcase name="ProjectsTest1" time="8.263" classname="BustleGroup.BustleFresh.ProjectsTest"/>
  <system-out/>
</testsuite> <!-- BustleGroup.BustleFresh.ProjectsTest -->
