<?xml version="1.0" encoding="UTF-8"?>
<!-- Generated by org.testng.reporters.JUnitReportReporter -->
<testsuite skipped="0" hostname="DESKTOP-NCQP8K2" name="BustleGroup.BustleFresh.TotalHoursofWork" tests="1" failures="0" timestamp="2020-08-11T15:14:30 IST" time="10.648" errors="0">
  <testcase name="TotalHours" time="10.648" classname="BustleGroup.BustleFresh.TotalHoursofWork"/>
  <system-out/>
</testsuite> <!-- BustleGroup.BustleFresh.TotalHoursofWork -->
