<?xml version="1.0" encoding="UTF-8"?>
<!-- Generated by org.testng.reporters.JUnitReportReporter -->
<testsuite skipped="0" hostname="DESKTOP-NCQP8K2" name="BustleGroup.BustleFresh.ForgotPasswordPage" tests="1" failures="0" timestamp="2020-08-11T13:43:52 IST" time="8.858" errors="0">
  <testcase name="ForgotPassword" time="8.858" classname="BustleGroup.BustleFresh.ForgotPasswordPage"/>
  <system-out/>
</testsuite> <!-- BustleGroup.BustleFresh.ForgotPasswordPage -->
